{"level":"info","message":"Ödeme başarıyla gerçekleşti","paymentId":"24337254","price":"400","type":"payment-success","userEmail":"serkan_krc@outlook.com"}
{"level":"info","message":"Ödeme başarıyla gerçekleşti","paymentId":"24337577","price":"400","type":"payment-success","userEmail":"serkan_krc@outlook.com"}
{"errorCode":"12","errorMessage":"Kart numarası geçersizdir","level":"warn","message":"İyzico ödemesi reddedildi","type":"payment-declined","userEmail":"serkan_krc@outlook.com"}
{"errorCode":"12","errorMessage":"Kart numarası geçersizdir","level":"warn","message":"İyzico ödemesi reddedildi","type":"payment-declined","userEmail":"serkan_krc@outlook.com"}
{"level":"info","message":"Ödeme başarıyla gerçekleşti","paymentId":"24465787","price":"2000","type":"payment-success","userEmail":"serkan_krc@outlook.com"}
{"level":"info","message":"Ödeme başarıyla gerçekleşti","paymentId":"24465789","price":"2000","type":"payment-success","userEmail":"serkan_krc@outlook.com"}
{"errorCode":"12","errorMessage":"Kart numarası geçersizdir","level":"warn","message":"İyzico ödemesi reddedildi","type":"payment-declined","userEmail":"serkan_krc@outlook.com"}
{"level":"info","message":"Ödeme başarıyla gerçekleşti","paymentId":"24467646","price":"1200","type":"payment-success","userEmail":"serkan_krc@outlook.com"}
{"errorCode":"12","errorMessage":"Kart numarası geçersizdir","level":"warn","message":"İyzico ödemesi reddedildi","type":"payment-declined","userEmail":"serkan_krc@outlook.com"}
{"errorCode":"12","errorMessage":"Kart numarası geçersizdir","level":"warn","message":"İyzico ödemesi reddedildi","type":"payment-declined","userEmail":"serkan_krc@outlook.com"}
{"errorCode":"12","errorMessage":"Kart numarası geçersizdir","level":"warn","message":"İyzico ödemesi reddedildi","type":"payment-declined","userEmail":"serkan_krc@outlook.com"}
{"level":"info","message":"Ödeme başarıyla gerçekleşti","paymentId":"24532392","price":"428","type":"payment-success","userEmail":"serkan_krc@outlook.com"}
{"level":"info","message":"Ödeme başarıyla gerçekleşti","paymentId":"24532421","price":"856","type":"payment-success","userEmail":"serkan_krc@outlook.com"}
{"level":"info","message":"Ödeme başarıyla gerçekleşti","paymentId":"24537259","price":"428","type":"payment-success","userEmail":"yasarkrc05@gmail.com"}
{"level":"info","message":"Ödeme başarıyla gerçekleşti","paymentId":"24537354","price":"428","type":"payment-success","userEmail":"yasarkrc05@gmail.com"}
{"level":"info","message":"Ödeme başarıyla gerçekleşti","paymentId":"24537357","price":"428","type":"payment-success","userEmail":"yasarkrc05@gmail.com"}
{"level":"info","message":"Ödeme başarıyla gerçekleşti","paymentId":"24537358","price":"428","type":"payment-success","userEmail":"yasarkrc05@gmail.com"}
{"level":"info","message":"Ödeme başarıyla gerçekleşti","paymentId":"24542449","price":"428","type":"payment-success","userEmail":"yasarkrc05@gmail.com"}
{"level":"info","message":"Ödeme başarıyla gerçekleşti","paymentId":"24542836","price":"1300","type":"payment-success","userEmail":"yasarkrc05@gmail.com"}
{"level":"info","message":"Ödeme başarıyla gerçekleşti","paymentId":"24542914","price":"3900","type":"payment-success","userEmail":"yasarkrc05@gmail.com"}
{"level":"info","message":"Ödeme başarıyla gerçekleşti","paymentId":"24542990","price":"1300","type":"payment-success","userEmail":"yasarkrc05@gmail.com"}
{"level":"info","message":"Ödeme başarıyla gerçekleşti","paymentId":"24543108","price":"1300","type":"payment-success","userEmail":"yasarkrc05@gmail.com"}
{"level":"info","message":"Ödeme başarıyla gerçekleşti","paymentId":"24543165","price":"1300","type":"payment-success","userEmail":"yasarkrc05@gmail.com"}
{"level":"info","message":"Ödeme başarıyla gerçekleşti","paymentId":"24548080","price":"1300","type":"payment-success","userEmail":"serkan_krc@outlook.com"}
{"level":"info","message":"Ödeme başarıyla gerçekleşti","paymentId":"24548515","price":"1300","type":"payment-success","userEmail":"yasarkrc05@gmail.com"}
{"level":"info","message":"Ödeme başarıyla gerçekleşti","paymentId":"24548572","price":"1300","type":"payment-success","userEmail":"yasarkrc05@gmail.com"}
{"level":"info","message":"Ödeme başarıyla gerçekleşti","paymentId":"24548592","price":"2600","type":"payment-success","userEmail":"yasarkrc05@gmail.com"}
{"level":"info","message":"Ödeme başarıyla gerçekleşti","paymentId":"24548617","price":"1200","type":"payment-success","userEmail":"yasarkrc05@gmail.com"}
{"level":"info","message":"Ödeme başarıyla gerçekleşti","paymentId":"24548656","price":"35000","type":"payment-success","userEmail":"yasarkrc05@gmail.com"}
{"level":"info","message":"Ödeme başarıyla gerçekleşti","paymentId":"24548734","price":"400","type":"payment-success","userEmail":"yasarkrc05@gmail.com"}
{"level":"info","message":"Ödeme başarıyla gerçekleşti","paymentId":"24548780","price":"1300","type":"payment-success","userEmail":"serkan_krc@outlook.com"}
{"level":"info","message":"Ödeme başarıyla gerçekleşti","paymentId":"24565180","price":"1300","type":"payment-success","userEmail":"bhr.krc05@gmail.com"}
{"level":"info","message":"Ödeme başarıyla gerçekleşti","paymentId":"24565184","price":"1300","type":"payment-success","userEmail":"bhr.krc05@gmail.com"}
{"level":"info","message":"Ödeme başarıyla gerçekleşti","paymentId":"24565224","price":"1300","type":"payment-success","userEmail":"bhr.krc05@gmail.com"}
{"level":"info","message":"Ödeme başarıyla gerçekleşti","paymentId":"24565243","price":"1300","type":"payment-success","userEmail":"bhr.krc05@gmail.com"}
{"level":"info","message":"Ödeme başarıyla gerçekleşti","paymentId":"24565268","price":"1300","type":"payment-success","userEmail":"bhr.krc05@gmail.com"}
{"level":"info","message":"[2025-07-21T19:00:21.238Z] ✅ bhr.krc05@gmail.com (684b00d8cd8e7ad87df8d0c4) için iptal maili başarıyla gönderildi. Sipariş: 687e8cd2ebebed6867a90b5d"}
{"level":"info","message":"[cancel-approve] Sipariş verisi getirildi: 687e8cd2ebebed6867a90b5d"}
{"level":"info","message":"[cancel-approve] Kullanılacak transactionId: 26555895"}
{"level":"info","message":"[cancel-approve] İade edilecek tutar: 1300 - Sipariş: 687e8cd2ebebed6867a90b5d"}
{"level":"info","message":"[cancel-approve] İyzico iade cevabı: {\"status\":\"success\",\"locale\":\"tr\",\"systemTime\":1753124850602,\"conversationId\":\"refund-1753124850005\",\"paymentId\":\"24565268\",\"paymentTransactionId\":\"26555895\",\"price\":1300,\"currency\":\"TRY\",\"authCode\":\"368951\",\"hostReference\":\"mock00001iyzihostrfn\",\"refundHostReference\":\"mock00001iyzihostrfn\",\"retryable\":false,\"signature\":\"52f9c9bf9a10257fdd361b1bb9563cbe1dff3ab4a25b8f23fd550430350d604a\"}"}
{"level":"info","message":"[cancel-approve] İade başarılı, veritabanı güncelleniyor: 687e8cd2ebebed6867a90b5d"}
{"level":"info","message":"[cancel-approve] İptal ve iade maili gönderildi: bhr.krc05@gmail.com"}
{"level":"info","message":"Ödeme başarıyla gerçekleşti","paymentId":"24565324","price":"1300","type":"payment-success","userEmail":"serkan_krc@outlook.com"}
{"level":"info","message":"Ödeme başarıyla gerçekleşti","paymentId":"24565354","price":"1300","type":"payment-success","userEmail":"bhr.krc05@gmail.com"}
{"level":"info","message":"[2025-07-21T19:50:23.190Z] ✅ bhr.krc05@gmail.com (684b00d8cd8e7ad87df8d0c4) için iptal maili başarıyla gönderildi. Sipariş: 687e994e8293febaa15bb232"}
{"level":"info","message":"[cancel-approve] Sipariş verisi getirildi: 687e994e8293febaa15bb232"}
{"level":"info","message":"[cancel-approve] Kullanılacak transactionId: 26555971"}
{"level":"info","message":"[cancel-approve] İade edilecek tutar: 1300 - Sipariş: 687e994e8293febaa15bb232"}
{"level":"info","message":"[cancel-approve] İyzico iade cevabı: {\"status\":\"success\",\"locale\":\"tr\",\"systemTime\":1753127509477,\"conversationId\":\"refund-1753127508963\",\"paymentId\":\"24565354\",\"paymentTransactionId\":\"26555971\",\"price\":1300,\"currency\":\"TRY\",\"authCode\":\"722705\",\"hostReference\":\"mock00001iyzihostrfn\",\"refundHostReference\":\"mock00001iyzihostrfn\",\"retryable\":false,\"signature\":\"d8745dc37a56d219a8b328a2839af4c958ea4af28f0ba606c86ed9a01e7f68b8\"}"}
{"level":"info","message":"[cancel-approve] İade başarılı, veritabanı güncelleniyor: 687e994e8293febaa15bb232"}
{"level":"info","message":"[cancel-approve] İptal ve iade maili gönderildi: bhr.krc05@gmail.com"}
{"level":"info","message":"Ödeme başarıyla gerçekleşti","paymentId":"24565468","price":"428","type":"payment-success","userEmail":"bhr.krc05@gmail.com"}
{"level":"info","message":"Ödeme başarıyla gerçekleşti","paymentId":"24565491","price":"428","type":"payment-success","userEmail":"bhr.krc05@gmail.com"}
{"level":"info","message":"Ödeme başarıyla gerçekleşti","paymentId":"24565536","price":"428","type":"payment-success","userEmail":"bhr.krc05@gmail.com"}
{"level":"info","message":"[2025-07-21T21:06:41.825Z] ✅ bhr.krc05@gmail.com (684b00d8cd8e7ad87df8d0c4) için iptal maili başarıyla gönderildi. Sipariş: 687ea5faec76a9cad0a36033"}
{"level":"info","message":"[cancel-approve] Sipariş verisi getirildi: 687ea5faec76a9cad0a36033"}
{"level":"info","message":"[cancel-approve] Kullanılacak transactionId: 26556112"}
{"level":"info","message":"[cancel-approve] İade edilecek tutar: 428 - Sipariş: 687ea5faec76a9cad0a36033"}
{"level":"info","message":"[cancel-approve] İyzico iade cevabı: {\"status\":\"success\",\"locale\":\"tr\",\"systemTime\":1753132030034,\"conversationId\":\"refund-1753132022971\",\"paymentId\":\"24565491\",\"paymentTransactionId\":\"26556112\",\"price\":428,\"currency\":\"TRY\",\"authCode\":\"511520\",\"hostReference\":\"mock00001iyzihostrfn\",\"refundHostReference\":\"mock00001iyzihostrfn\",\"retryable\":false,\"signature\":\"91a9b8a4953101e420e8d1b53a4c41c9ecc3642f7f20b7de95603095518b6825\"}"}
{"level":"info","message":"[cancel-approve] İade başarılı, veritabanı güncelleniyor: 687ea5faec76a9cad0a36033"}
{"level":"info","message":"[cancel-approve] İptal ve iade maili gönderildi: bhr.krc05@gmail.com"}
{"level":"info","message":"Ödeme başarıyla gerçekleşti","paymentId":"24936607","price":"428","type":"payment-success","userEmail":"serkan_krc@outlook.com"}
{"level":"info","message":"Ödeme başarıyla gerçekleşti","paymentId":"24936624","price":"428","type":"payment-success","userEmail":"serkan_krc@outlook.com"}
{"level":"info","message":"Ödeme başarıyla gerçekleşti","paymentId":"24936632","price":"428","type":"payment-success","userEmail":"serkan_krc@outlook.com"}
{"level":"info","message":"Ödeme başarıyla gerçekleşti","paymentId":"24946584","price":"428","type":"payment-success","userEmail":"serkan_krc@outlook.com"}
{"level":"info","message":"Ödeme başarıyla gerçekleşti","paymentId":"24946593","price":"428","type":"payment-success","userEmail":"serkan_krc@outlook.com"}
{"level":"info","message":"Ödeme başarıyla gerçekleşti","paymentId":"24946604","price":"428","type":"payment-success","userEmail":"serkan_krc@outlook.com"}
{"level":"info","message":"Ödeme başarıyla gerçekleşti","paymentId":"24946617","price":"428","type":"payment-success","userEmail":"serkan_krc@outlook.com"}
{"level":"info","message":"Ödeme başarıyla gerçekleşti","paymentId":"24946613","price":"428","type":"payment-success","userEmail":"serkan_krc@outlook.com"}
{"level":"info","message":"Ödeme başarıyla gerçekleşti","paymentId":"24946641","price":"428","type":"payment-success","userEmail":"serkan_krc@outlook.com"}
{"level":"info","message":"Ödeme başarıyla gerçekleşti","paymentId":"24946653","price":"428","type":"payment-success","userEmail":"serkan_krc@outlook.com"}
{"level":"info","message":"Ödeme başarıyla gerçekleşti","paymentId":"24946655","price":"428","type":"payment-success","userEmail":"serkan_krc@outlook.com"}
{"level":"info","message":"Ödeme başarıyla gerçekleşti","paymentId":"24946651","price":"428","type":"payment-success","userEmail":"serkan_krc@outlook.com"}
{"level":"info","message":"Ödeme başarıyla gerçekleşti","paymentId":"24946660","price":"428","type":"payment-success","userEmail":"serkan_krc@outlook.com"}
{"level":"info","message":"Ödeme başarıyla gerçekleşti","paymentId":"24946657","price":"428","type":"payment-success","userEmail":"serkan_krc@outlook.com"}
{"level":"info","message":"Ödeme başarıyla gerçekleşti","paymentId":"24946692","price":"428","type":"payment-success","userEmail":"serkan_krc@outlook.com"}
{"level":"info","message":"Ödeme başarıyla gerçekleşti","paymentId":"24946702","price":"428","type":"payment-success","userEmail":"serkan_krc@outlook.com"}
{"level":"info","message":"Ödeme başarıyla gerçekleşti","paymentId":"24950183","price":"1300","type":"payment-success","userEmail":"serkan_krc@outlook.com"}
{"level":"info","message":"[2025-07-25T12:49:31.102Z] ✅ serkan_krc@outlook.com (683b3e27d919ba49c1efae29) için iptal maili başarıyla gönderildi. Sipariş: 688358707a59952c728079b4"}
{"level":"info","message":"Ödeme başarıyla gerçekleşti","paymentId":"25088532","price":"1300","type":"payment-success","userEmail":"serkan_krc@outlook.com"}
